TN:
SF:/Users/luli/Desktop/lighthouse/scheduler/src/components/Application.js
FN:16,Application
FN:27,(anonymous_1)
FNF:2
FNH:2
FNDA:8,Application
FNDA:8,(anonymous_1)
DA:22,8
DA:24,8
DA:26,8
DA:28,8
DA:41,8
LF:5
LH:5
BRF:0
BRH:0
end_of_record
TN:
SF:/Users/luli/Desktop/lighthouse/scheduler/src/components/Button.js
FN:7,Button
FNF:1
FNH:1
FNDA:25,Button
DA:8,25
DA:13,25
LF:2
LH:2
BRF:0
BRH:0
end_of_record
TN:
SF:/Users/luli/Desktop/lighthouse/scheduler/src/components/DayList.js
FN:5,DayList
FN:6,(anonymous_1)
FNF:2
FNH:2
FNDA:8,DayList
FNDA:8,(anonymous_1)
DA:6,8
DA:7,8
DA:18,8
LF:3
LH:3
BRF:0
BRH:0
end_of_record
TN:
SF:/Users/luli/Desktop/lighthouse/scheduler/src/components/DayListItem.js
FN:6,formatSpots
FN:13,DayListItem
FN:22,(anonymous_2)
FNF:3
FNH:2
FNDA:8,formatSpots
FNDA:8,DayListItem
FNDA:0,(anonymous_2)
DA:7,8
DA:8,8
DA:10,0
DA:14,8
DA:19,8
DA:22,0
LF:6
LH:4
BRDA:7,0,0,0
BRDA:7,0,1,8
BRDA:8,1,0,8
BRDA:8,1,1,0
BRF:4
BRH:2
end_of_record
TN:
SF:/Users/luli/Desktop/lighthouse/scheduler/src/components/InterviewerList.js
FN:8,InterviewerList
FN:9,(anonymous_1)
FN:17,(anonymous_2)
FNF:3
FNH:2
FNDA:12,InterviewerList
FNDA:12,(anonymous_1)
FNDA:0,(anonymous_2)
DA:9,12
DA:10,12
DA:17,0
DA:22,12
DA:26,12
DA:34,2
LF:6
LH:5
BRF:0
BRH:0
end_of_record
TN:
SF:/Users/luli/Desktop/lighthouse/scheduler/src/components/InterviewerListItem.js
FN:6,InterviewerItem
FNF:1
FNH:1
FNDA:12,InterviewerItem
DA:7,12
DA:11,12
LF:2
LH:2
BRDA:18,0,0,12
BRDA:18,0,1,4
BRF:2
BRH:2
end_of_record
TN:
SF:/Users/luli/Desktop/lighthouse/scheduler/src/components/Appointment/Confirm.js
FN:5,Confirm
FNF:1
FNH:0
FNDA:0,Confirm
DA:6,0
LF:1
LH:0
BRF:0
BRH:0
end_of_record
TN:
SF:/Users/luli/Desktop/lighthouse/scheduler/src/components/Appointment/Empty.js
FN:4,Empty
FNF:1
FNH:1
FNDA:12,Empty
DA:5,12
LF:1
LH:1
BRF:0
BRH:0
end_of_record
TN:
SF:/Users/luli/Desktop/lighthouse/scheduler/src/components/Appointment/Error.js
FN:3,Error
FNF:1
FNH:0
FNDA:0,Error
DA:4,0
LF:1
LH:0
BRF:0
BRH:0
end_of_record
TN:
SF:/Users/luli/Desktop/lighthouse/scheduler/src/components/Appointment/Form.js
FN:6,Form
FN:11,reset
FN:17,cancel
FN:22,validate
FN:39,(anonymous_4)
FN:46,(anonymous_5)
FNF:6
FNH:5
FNDA:12,Form
FNDA:1,reset
FNDA:1,cancel
FNDA:4,validate
FNDA:0,(anonymous_4)
FNDA:2,(anonymous_5)
DA:7,12
DA:8,12
DA:9,12
DA:12,1
DA:13,1
DA:14,1
DA:18,1
DA:19,1
DA:23,4
DA:24,2
DA:25,2
DA:27,2
DA:28,1
DA:29,1
DA:32,1
DA:33,1
DA:36,12
DA:39,0
DA:47,2
LF:19
LH:18
BRDA:7,0,0,12
BRDA:7,0,1,7
BRDA:8,1,0,12
BRDA:8,1,1,8
BRDA:23,2,0,2
BRDA:23,2,1,2
BRDA:27,3,0,1
BRDA:27,3,1,1
BRF:8
BRH:8
end_of_record
TN:
SF:/Users/luli/Desktop/lighthouse/scheduler/src/components/Appointment/Header.js
FN:3,Header
FNF:1
FNH:1
FNDA:16,Header
DA:4,16
LF:1
LH:1
BRF:0
BRH:0
end_of_record
TN:
SF:/Users/luli/Desktop/lighthouse/scheduler/src/components/Appointment/Show.js
FN:4,Show
FNF:1
FNH:1
FNDA:4,Show
DA:5,4
LF:1
LH:1
BRDA:12,0,0,4
BRDA:12,0,1,4
BRF:2
BRH:2
end_of_record
TN:
SF:/Users/luli/Desktop/lighthouse/scheduler/src/components/Appointment/Status.js
FN:3,Status
FNF:1
FNH:0
FNDA:0,Status
DA:4,0
LF:1
LH:0
BRF:0
BRH:0
end_of_record
TN:
SF:/Users/luli/Desktop/lighthouse/scheduler/src/components/Appointment/index.js
FN:25,Appointment
FN:34,save
FN:44,(anonymous_2)
FN:45,(anonymous_3)
FN:48,destroy
FN:52,(anonymous_5)
FN:53,(anonymous_6)
FN:59,(anonymous_7)
FN:63,(anonymous_8)
FN:64,(anonymous_9)
FNF:10
FNH:1
FNDA:16,Appointment
FNDA:0,save
FNDA:0,(anonymous_2)
FNDA:0,(anonymous_3)
FNDA:0,destroy
FNDA:0,(anonymous_5)
FNDA:0,(anonymous_6)
FNDA:0,(anonymous_7)
FNDA:0,(anonymous_8)
FNDA:0,(anonymous_9)
DA:15,1
DA:16,1
DA:17,1
DA:18,1
DA:19,1
DA:20,1
DA:21,1
DA:22,1
DA:23,1
DA:28,16
DA:31,16
DA:35,0
DA:40,0
DA:42,0
DA:44,0
DA:45,0
DA:49,0
DA:50,0
DA:52,0
DA:53,0
DA:55,16
DA:59,0
DA:63,0
DA:64,0
LF:24
LH:12
BRDA:31,0,0,4
BRDA:31,0,1,12
BRDA:59,1,0,16
BRDA:59,1,1,12
BRDA:60,2,0,16
BRDA:60,2,1,4
BRDA:67,3,0,16
BRDA:67,3,1,0
BRDA:70,4,0,16
BRDA:70,4,1,0
BRDA:79,5,0,16
BRDA:79,5,1,0
BRDA:80,6,0,16
BRDA:80,6,1,0
BRDA:81,7,0,16
BRDA:81,7,1,0
BRDA:88,8,0,16
BRDA:88,8,1,0
BRDA:91,9,0,16
BRDA:91,9,1,0
BRF:20
BRH:13
end_of_record
TN:
SF:/Users/luli/Desktop/lighthouse/scheduler/src/helpers/selectors.js
FN:1,getAppointmentsForDay
FN:2,(anonymous_1)
FN:6,(anonymous_2)
FN:9,getInterviewersForDay
FN:10,(anonymous_4)
FN:14,(anonymous_5)
FN:17,getInterview
FNF:7
FNH:7
FNDA:13,getAppointmentsForDay
FNDA:10,(anonymous_1)
FNDA:16,(anonymous_2)
FNDA:13,getInterviewersForDay
FNDA:10,(anonymous_4)
FNDA:14,(anonymous_5)
FNDA:10,getInterview
DA:2,13
DA:4,13
DA:6,16
DA:10,13
DA:12,13
DA:14,14
DA:18,10
LF:7
LH:7
BRDA:4,0,0,6
BRDA:4,0,1,7
BRDA:4,1,0,13
BRDA:4,1,1,8
BRDA:12,2,0,6
BRDA:12,2,1,7
BRDA:12,3,0,13
BRDA:12,3,1,8
BRDA:19,4,0,10
BRDA:19,4,1,5
BRF:10
BRH:10
end_of_record
TN:
SF:/Users/luli/Desktop/lighthouse/scheduler/src/hooks/useApplicationData.js
FN:13,useApplicationData
FN:21,(anonymous_1)
FN:23,(anonymous_2)
FN:29,(anonymous_3)
FN:41,bookInterview
FN:42,(anonymous_5)
FN:51,cancelInterview
FN:52,(anonymous_7)
FNF:8
FNH:3
FNDA:8,useApplicationData
FNDA:0,(anonymous_1)
FNDA:4,(anonymous_2)
FNDA:4,(anonymous_3)
FNDA:0,bookInterview
FNDA:0,(anonymous_5)
FNDA:0,cancelInterview
FNDA:0,(anonymous_7)
DA:14,8
DA:21,8
DA:23,8
DA:24,4
DA:30,4
DA:39,8
DA:42,0
DA:43,0
DA:52,0
DA:53,0
DA:61,8
LF:11
LH:7
BRF:0
BRH:0
end_of_record
TN:
SF:/Users/luli/Desktop/lighthouse/scheduler/src/hooks/useRealtimeUpdate.js
FN:4,useRealtimeUpdate
FN:5,(anonymous_1)
FN:8,(anonymous_2)
FN:16,(anonymous_3)
FNF:4
FNH:3
FNDA:8,useRealtimeUpdate
FNDA:4,(anonymous_1)
FNDA:0,(anonymous_2)
FNDA:4,(anonymous_3)
DA:5,8
DA:6,4
DA:8,4
DA:9,0
DA:11,0
DA:12,0
DA:16,4
DA:17,4
LF:8
LH:5
BRDA:11,0,0,0
BRDA:11,0,1,0
BRDA:11,1,0,0
BRDA:11,1,1,0
BRF:4
BRH:0
end_of_record
TN:
SF:/Users/luli/Desktop/lighthouse/scheduler/src/hooks/useVisualMode.js
FN:2,useVisualMode
FN:5,(anonymous_1)
FN:8,(anonymous_2)
FN:11,(anonymous_3)
FN:14,back
FN:15,(anonymous_5)
FNF:6
FNH:6
FNDA:20,useVisualMode
FNDA:2,(anonymous_1)
FNDA:1,(anonymous_2)
FNDA:1,(anonymous_3)
FNDA:1,back
FNDA:1,(anonymous_5)
DA:3,20
DA:5,20
DA:6,2
DA:8,1
DA:11,1
DA:15,1
DA:18,20
LF:7
LH:7
BRDA:5,0,0,1
BRDA:6,1,0,1
BRDA:6,1,1,1
BRF:3
BRH:3
end_of_record
TN:
SF:/Users/luli/Desktop/lighthouse/scheduler/src/reducers/application.js
FN:5,reducer
FN:27,(anonymous_1)
FN:30,(anonymous_2)
FN:34,(anonymous_3)
FNF:4
FNH:1
FNDA:5,reducer
FNDA:0,(anonymous_1)
FNDA:0,(anonymous_2)
FNDA:0,(anonymous_3)
DA:1,2
DA:2,2
DA:3,2
DA:6,5
DA:8,0
DA:10,4
DA:17,0
DA:22,0
DA:27,0
DA:28,0
DA:30,0
DA:34,0
DA:35,0
DA:43,0
DA:50,1
LF:15
LH:6
BRDA:6,0,0,0
BRDA:6,0,1,4
BRDA:6,0,2,0
BRDA:6,0,3,1
BRDA:19,1,0,0
BRDA:19,1,1,0
BRDA:30,2,0,0
BRDA:30,2,1,0
BRDA:35,3,0,0
BRDA:35,3,1,0
BRF:10
BRH:2
end_of_record
